[debug] [2022-04-17T23:36:49.199Z] ----------------------------------------------------------------------
[debug] [2022-04-17T23:36:49.205Z] Command:       C:\Program Files\nodejs\node.exe C:\Users\COMPUTER HUT\AppData\Roaming\npm\node_modules\firebase-tools\lib\bin\firebase.js deploy
[debug] [2022-04-17T23:36:49.207Z] CLI Version:   10.6.0
[debug] [2022-04-17T23:36:49.207Z] Platform:      win32
[debug] [2022-04-17T23:36:49.207Z] Node Version:  v16.13.1
[debug] [2022-04-17T23:36:49.224Z] Time:          Mon Apr 18 2022 05:36:49 GMT+0600 (Bangladesh Standard Time)
[debug] [2022-04-17T23:36:49.225Z] ----------------------------------------------------------------------
[debug] 
[debug] [2022-04-17T23:36:49.584Z] > command requires scopes: ["email","openid","https://www.googleapis.com/auth/cloudplatformprojects.readonly","https://www.googleapis.com/auth/firebase","https://www.googleapis.com/auth/cloud-platform"]
[debug] [2022-04-17T23:36:49.586Z] > authorizing via signed-in user (naimfami9@gmail.com)
[debug] [2022-04-17T23:36:49.586Z] [iam] checking project assignment-ten-1260c for permissions ["firebase.projects.get","firebasehosting.sites.update"]
[debug] [2022-04-17T23:36:49.594Z] >>> [apiv2][query] POST https://cloudresourcemanager.googleapis.com/v1/projects/assignment-ten-1260c:testIamPermissions [none]
[debug] [2022-04-17T23:36:49.595Z] >>> [apiv2][body] POST https://cloudresourcemanager.googleapis.com/v1/projects/assignment-ten-1260c:testIamPermissions {"permissions":["firebase.projects.get","firebasehosting.sites.update"]}
[debug] [2022-04-17T23:36:51.894Z] <<< [apiv2][status] POST https://cloudresourcemanager.googleapis.com/v1/projects/assignment-ten-1260c:testIamPermissions 200
[debug] [2022-04-17T23:36:51.895Z] <<< [apiv2][body] POST https://cloudresourcemanager.googleapis.com/v1/projects/assignment-ten-1260c:testIamPermissions {"permissions":["firebase.projects.get","firebasehosting.sites.update"]}
[debug] [2022-04-17T23:36:51.899Z] >>> [apiv2][query] GET https://firebase.googleapis.com/v1beta1/projects/assignment-ten-1260c [none]
[debug] [2022-04-17T23:36:52.766Z] <<< [apiv2][status] GET https://firebase.googleapis.com/v1beta1/projects/assignment-ten-1260c 200
[debug] [2022-04-17T23:36:52.767Z] <<< [apiv2][body] GET https://firebase.googleapis.com/v1beta1/projects/assignment-ten-1260c {"projectId":"assignment-ten-1260c","projectNumber":"62630104923","displayName":"assignment-ten","name":"projects/assignment-ten-1260c","resources":{"hostingSite":"assignment-ten-1260c"},"state":"ACTIVE"}
[info] 
[info] === Deploying to 'assignment-ten-1260c'...
[info] 
[info] i  deploying hosting 
[debug] [2022-04-17T23:36:52.776Z] >>> [apiv2][query] GET https://firebase.googleapis.com/v1beta1/projects/assignment-ten-1260c [none]
[debug] [2022-04-17T23:36:53.800Z] <<< [apiv2][status] GET https://firebase.googleapis.com/v1beta1/projects/assignment-ten-1260c 200
[debug] [2022-04-17T23:36:53.800Z] <<< [apiv2][body] GET https://firebase.googleapis.com/v1beta1/projects/assignment-ten-1260c {"projectId":"assignment-ten-1260c","projectNumber":"62630104923","displayName":"assignment-ten","name":"projects/assignment-ten-1260c","resources":{"hostingSite":"assignment-ten-1260c"},"state":"ACTIVE"}
[debug] [2022-04-17T23:36:53.807Z] >>> [apiv2][query] POST https://firebasehosting.googleapis.com/v1beta1/projects/62630104923/sites/assignment-ten-1260c/versions [none]
[debug] [2022-04-17T23:36:53.807Z] >>> [apiv2][body] POST https://firebasehosting.googleapis.com/v1beta1/projects/62630104923/sites/assignment-ten-1260c/versions {"config":{"rewrites":[{"glob":"**","path":"/index.html"}]},"labels":{"deployment-tool":"cli-firebase"}}
[debug] [2022-04-17T23:36:56.031Z] <<< [apiv2][status] POST https://firebasehosting.googleapis.com/v1beta1/projects/62630104923/sites/assignment-ten-1260c/versions 200
[debug] [2022-04-17T23:36:56.032Z] <<< [apiv2][body] POST https://firebasehosting.googleapis.com/v1beta1/projects/62630104923/sites/assignment-ten-1260c/versions {"name":"projects/62630104923/sites/assignment-ten-1260c/versions/706be0a78630c5dd","status":"CREATED","config":{"rewrites":[{"glob":"**","path":"/index.html"}]},"labels":{"deployment-tool":"cli-firebase"}}
[info] i  hosting[assignment-ten-1260c]: beginning deploy... 
[info] i  hosting[assignment-ten-1260c]: found 21 files in build 
[debug] [2022-04-17T23:36:56.083Z] [hosting] uploading with 200 concurrency
[debug] [2022-04-17T23:37:02.029Z] [hosting] hash cache [YnVpbGQ] stored for 21 files
[debug] [2022-04-17T23:37:02.029Z] [hosting][hash queue][FINAL] {"max":5913,"min":13,"avg":355.0952380952381,"active":0,"complete":21,"success":21,"errored":0,"retried":0,"total":21,"elapsed":5939}
[debug] [2022-04-17T23:37:02.031Z] >>> [apiv2][query] POST https://firebasehosting.googleapis.com/v1beta1/projects/62630104923/sites/assignment-ten-1260c/versions/706be0a78630c5dd:populateFiles [none]
[debug] [2022-04-17T23:37:02.031Z] >>> [apiv2][body] POST https://firebasehosting.googleapis.com/v1beta1/projects/62630104923/sites/assignment-ten-1260c/versions/706be0a78630c5dd:populateFiles {"files":{"/favicon.ico":"eae62e993eb980ec8a25058c39d5a51feab118bd2100c4deebb2a9c158ec11f9","/logo192.png":"3ee59515172ee198f3be375979df15ac5345183e656720a381b8872b2a39dc8b","/logo512.png":"ee7e2f3fdb8209c4b6fd7bef6ba50d1b9dba30a25bb5c3126df057e1cb6f5331","/manifest.json":"aff3449bdc238776f5d6d967f19ec491b36aed5fb7f23ccff6500736fd58494a","/photos.json":"6713b246a144d007dc9345c2fe023fabc73dc8168b4a1b9ac9910ef7d2686610","/robots.txt":"bfe106a3fb878dc83461c86818bf74fc1bdc7f28538ba613cd3e775516ce8b49","/services.json":"8c3f5a2238287f090b45c01a791717bd11dc4b23388d06d41a093b649eeabf67","/asset-manifest.json":"09fe5ecd49da784c06f888310559468a9db7b43b47fca34ec2917bc9b78a1435","/index.html":"e966acba0e875d2ca045b013f36d61c7b560b2a0ed810b465ca0fb6f2bfa826a","/static/css/main.0eb3d92d.css":"4ab070d88ae6cba9e4df2d797435b5c60c7eb69a38ee37a440a5353cd2ca4dd2","/static/js/787.fd7f4def.chunk.js":"2e0cdf7ca3c6f14a5d7ca6e1c50c19b98d35544aa2895986d9cbe54e4cd28a1b","/static/js/787.fd7f4def.chunk.js.map":"0e3e74152be976b8fde31ce101b837c7d5d7d7194372bba5f803eb7103c81860","/static/js/main.21b61326.js.LICENSE.txt":"980850d0c97fc4da1718320dcc140b4bafb239b14275f3a5d9640098e064ab8a","/static/css/main.0eb3d92d.css.map":"9ba94bbc33dcb03a2e54cdf52fd6d87609e39ff60ad3b28d97d78a6b990368ed","/static/media/facebook.3cb08c9d44e0707a25e4.png":"6686914a2657827de74219e55096ed0952d18bfe07489a4cbfbc3647ecb148e9","/static/media/banner01.7e12e7a4d42faf66ff7c.jpg":"7a6fb5b8d628cbd9394233238e21605a371e15c34fc4775048d0c306f8ca81b7","/static/js/main.21b61326.js":"cbf3ad80aee99cebccb7ff51314ad82baa6ccd7b1675f5c29e25ad611b8f5e30","/static/media/banner02.36390cec7e7057416274.jpg":"c8c3bf924031f6d17003ee3a788e3743cb384ccf8c860f0ebc244953aa5ed348","/static/media/banner03.07219a73e0356d958271.jpg":"af089dca76acf0d934d41de54d5d6546883ac83bece8b333a591040a28735b40","/static/js/main.21b61326.js.map":"e591c89232d80f1fc2e7121c9af5d4f1535e99690e2ae38b4fd9c93523c79b91","/static/media/pic01.0d43e3fbabb569cba9c4.png":"c8eb9697673f73ccbdc0bf08cfd4e8301c80acbb1afab80bd56b1b518ed95c44"}}
[debug] [2022-04-17T23:37:03.978Z] <<< [apiv2][status] POST https://firebasehosting.googleapis.com/v1beta1/projects/62630104923/sites/assignment-ten-1260c/versions/706be0a78630c5dd:populateFiles 200
[debug] [2022-04-17T23:37:03.978Z] <<< [apiv2][body] POST https://firebasehosting.googleapis.com/v1beta1/projects/62630104923/sites/assignment-ten-1260c/versions/706be0a78630c5dd:populateFiles {"uploadRequiredHashes":["c8eb9697673f73ccbdc0bf08cfd4e8301c80acbb1afab80bd56b1b518ed95c44"],"uploadUrl":"https://upload-firebasehosting.googleapis.com/upload/sites/assignment-ten-1260c/versions/706be0a78630c5dd/files"}
[debug] [2022-04-17T23:37:03.980Z] >>> [apiv2][query] POST https://upload-firebasehosting.googleapis.com/upload/sites/assignment-ten-1260c/versions/706be0a78630c5dd/files/c8eb9697673f73ccbdc0bf08cfd4e8301c80acbb1afab80bd56b1b518ed95c44 [none]
[debug] [2022-04-17T23:37:03.980Z] >>> [apiv2][body] POST https://upload-firebasehosting.googleapis.com/upload/sites/assignment-ten-1260c/versions/706be0a78630c5dd/files/c8eb9697673f73ccbdc0bf08cfd4e8301c80acbb1afab80bd56b1b518ed95c44 [stream]
[debug] [2022-04-17T23:37:03.984Z] [hosting][populate queue][FINAL] {"max":1955,"min":1955,"avg":1955,"active":0,"complete":1,"success":1,"errored":0,"retried":0,"total":1,"elapsed":1959}
[debug] [2022-04-17T23:37:03.985Z] [hosting] uploads queued: 1
